<?xml version="1.0" encoding="UTF-8"?>
<!-- Generated by org.testng.reporters.JUnitReportReporter -->
<testsuite hostname="Robot" failures="0" tests="1" name="testscript.ManageNewsTest" time="7.593" errors="0" timestamp="2025-04-17T20:10:54 IST" skipped="0">
  <testcase classname="testscript.ManageNewsTest" name="verifyTheUserCanCreateManageNewsSuccessfully" time="7.593"/>
  <system-out/>
</testsuite> <!-- testscript.ManageNewsTest -->
